error[E0782]: trait objects must include the `dyn` keyword
  --> tests/ui/compile-fail/init/missing_comma_with_zeroable.rs:12:15
   |
12 |         a: 0..Zeroable::zeroed()
   |               ^^^^^^^^
   |
help: add `dyn` keyword before this trait
   |
12 |         a: 0..<dyn Zeroable>::zeroed()
   |               ++++         +

error[E0599]: no function or associated item named `zeroed` found for trait `pinned_init::Zeroable`
  --> tests/ui/compile-fail/init/missing_comma_with_zeroable.rs:12:25
   |
12 |         a: 0..Zeroable::zeroed()
   |                         ^^^^^^ function or associated item not found in `Zeroable`

error[E0308]: mismatched types
  --> tests/ui/compile-fail/init/missing_comma_with_zeroable.rs:12:12
   |
12 |         a: 0..Zeroable::zeroed()
   |         -  ^^^^^^^^^^^^^^^^^^^^^ expected `usize`, found `Range<{integer}>`
   |         |
   |         arguments to this function are incorrect
   |
   = note: expected type `usize`
            found struct `std::ops::Range<{integer}>`
note: function defined here
  --> $RUST/core/src/ptr/mod.rs
   |
   | pub const unsafe fn write<T>(dst: *mut T, src: T) {
   |                     ^^^^^

error[E0063]: missing field `b` in initializer of `Foo`
  --> tests/ui/compile-fail/init/missing_comma_with_zeroable.rs:11:19
   |
11 |     let _ = init!(Foo {
   |                   ^^^ missing `b`
